<?xml version="1.0" encoding="UTF-8"?>
<robot generator="Robot 6.0.2 (Python 3.11.2 on linux)" generated="20230221 10:25:39.650" rpa="false" schemaversion="3">
<suite id="s1" name="My Testcase1" source="/tests/robot_tests/my_testcase1.robot">
<test id="s1-t1" name="Open Browser" line="7">
<kw name="Open The Browser" library="keywords">
<kw name="Open Browser" library="SeleniumLibrary">
<arg>url=${HOMEPAGE}</arg>
<arg>browser=${BROWSER}</arg>
<arg>alias=None</arg>
<arg>remote_url=${GRID_URL}</arg>
<doc>Opens a new browser instance to the optional ``url``.</doc>
<msg timestamp="20230221 10:25:40.910" level="INFO">Opening browser 'Firefox' to base url 'http://duckduckgo.com' through remote server at 'http://selenium_grid_hub_robotframework:4444/wd/hub'.</msg>
<status status="PASS" starttime="20230221 10:25:40.888" endtime="20230221 10:26:03.460"/>
</kw>
<status status="PASS" starttime="20230221 10:25:40.874" endtime="20230221 10:26:03.460"/>
</kw>
<status status="PASS" starttime="20230221 10:25:40.867" endtime="20230221 10:26:03.460"/>
</test>
<test id="s1-t2" name="Search on DDG" line="10">
<kw name="Search Topic" library="keywords">
<arg>browserstack</arg>
<kw name="Input Text" library="SeleniumLibrary">
<arg>name=q</arg>
<arg>${topic}</arg>
<doc>Types the given ``text`` into the text field identified by ``locator``.</doc>
<msg timestamp="20230221 10:26:03.463" level="INFO">Typing text 'browserstack' into text field 'name=q'.</msg>
<status status="PASS" starttime="20230221 10:26:03.462" endtime="20230221 10:26:03.596"/>
</kw>
<kw name="Press Keys" library="SeleniumLibrary">
<arg>name=q</arg>
<arg>ENTER</arg>
<doc>Simulates the user pressing key(s) to an element or on the active browser.</doc>
<msg timestamp="20230221 10:26:03.597" level="INFO">Sending key(s) ('ENTER',) to name=q element.</msg>
<msg timestamp="20230221 10:26:03.961" level="INFO">Pressing special key ENTER to element.</msg>
<msg timestamp="20230221 10:26:03.961" level="INFO">Releasing special key ENTER.</msg>
<status status="PASS" starttime="20230221 10:26:03.596" endtime="20230221 10:26:04.012"/>
</kw>
<status status="PASS" starttime="20230221 10:26:03.461" endtime="20230221 10:26:04.013"/>
</kw>
<kw name="Close Browser" library="SeleniumLibrary">
<doc>Closes the current browser.</doc>
<status status="PASS" starttime="20230221 10:26:04.013" endtime="20230221 10:26:05.475"/>
</kw>
<status status="PASS" starttime="20230221 10:26:03.461" endtime="20230221 10:26:05.475"/>
</test>
<status status="PASS" starttime="20230221 10:25:39.653" endtime="20230221 10:26:05.476"/>
</suite>
<statistics>
<total>
<stat pass="2" fail="0" skip="0">All Tests</stat>
</total>
<tag>
</tag>
<suite>
<stat pass="2" fail="0" skip="0" id="s1" name="My Testcase1">My Testcase1</stat>
</suite>
</statistics>
<errors>
</errors>
</robot>
